<?xml version="1.0" encoding="UTF-8"?>
<testsuites name="jest tests" tests="4" failures="0" errors="0" time="1.437">
  <testsuite name="calculateAlignmentData" errors="0" failures="0" skipped="0" timestamp="2025-06-01T12:30:49" time="1.301" tests="4">
    <testcase classname="calculateAlignmentData user agrees with the anthem change" name="calculateAlignmentData user agrees with the anthem change" time="0.007">
    </testcase>
    <testcase classname="calculateAlignmentData user disagrees with the anthem change" name="calculateAlignmentData user disagrees with the anthem change" time="0.001">
    </testcase>
    <testcase classname="calculateAlignmentData user skips the question" name="calculateAlignmentData user skips the question" time="0">
    </testcase>
    <testcase classname="calculateAlignmentData user provides no answers" name="calculateAlignmentData user provides no answers" time="0.001">
    </testcase>
  </testsuite>
</testsuites>